<?xml version="1.0" encoding="UTF-8"?>
<!-- Generated by org.testng.reporters.JUnitXMLReporter -->
<testsuite ignored="0" hostname="LAPTOP-RB7M80F0" failures="0" tests="3" name="ChromTest" time="11.795" errors="0" timestamp="2022-05-29T18:23:08 IST">
  <testcase classname="testClasses.test" name="verifyForgottenPasswordTab" time="0.729"/>
  <testcase classname="testClasses.test" name="verifyLogin" time="0.819"/>
  <testcase classname="testClasses.testSighUp" name="testSignUpPage" time="2.777"/>
</testsuite> <!-- ChromTest -->
