<?xml version="1.0" encoding="UTF-8"?>
<!-- Generated by org.testng.reporters.JUnitXMLReporter -->
<testsuite ignored="0" hostname="LAPTOP-RB7M80F0" failures="0" tests="3" name="Test" time="11.168" errors="0" timestamp="2022-05-25T14:33:19 IST">
  <testcase classname="testClasses.test" name="verifyForgottenPasswordTab" time="1.126"/>
  <testcase classname="testClasses.test" name="verifyLogin" time="1.639"/>
  <testcase classname="testClasses.testSighUp" name="testSignUpPage" time="3.264"/>
</testsuite> <!-- Test -->
